00:22:30.859 [Catalina-utility-2] DEBUG o.a.catalina.session.ManagerBase - Start expire sessions StandardManager at 1570659750859 sessioncount 0
00:22:33.398 [Catalina-utility-2] DEBUG o.a.catalina.session.ManagerBase - End expire sessions StandardManager processingTime 2538 expired sessions: 0
00:23:33.477 [Catalina-utility-1] DEBUG o.a.catalina.session.ManagerBase - Start expire sessions StandardManager at 1570659813477 sessioncount 0
00:23:33.484 [Catalina-utility-1] DEBUG o.a.catalina.session.ManagerBase - End expire sessions StandardManager processingTime 7 expired sessions: 0
00:24:33.497 [Catalina-utility-1] DEBUG o.a.catalina.session.ManagerBase - Start expire sessions StandardManager at 1570659873497 sessioncount 0
00:24:33.507 [Catalina-utility-1] DEBUG o.a.catalina.session.ManagerBase - End expire sessions StandardManager processingTime 10 expired sessions: 0
00:25:33.515 [Catalina-utility-1] DEBUG o.a.catalina.session.ManagerBase - Start expire sessions StandardManager at 1570659933515 sessioncount 0
00:25:33.522 [Catalina-utility-1] DEBUG o.a.catalina.session.ManagerBase - End expire sessions StandardManager processingTime 6 expired sessions: 0
00:26:33.533 [Catalina-utility-2] DEBUG o.a.catalina.session.ManagerBase - Start expire sessions StandardManager at 1570659993533 sessioncount 0
00:26:33.549 [Catalina-utility-2] DEBUG o.a.catalina.session.ManagerBase - End expire sessions StandardManager processingTime 16 expired sessions: 0
07:43:35.089 [Catalina-utility-1] DEBUG o.a.catalina.session.ManagerBase - Start expire sessions StandardManager at 1570686215089 sessioncount 0
07:43:35.111 [Catalina-utility-1] DEBUG o.a.catalina.session.ManagerBase - End expire sessions StandardManager processingTime 22 expired sessions: 0
07:44:35.132 [Catalina-utility-1] DEBUG o.a.catalina.session.ManagerBase - Start expire sessions StandardManager at 1570686275132 sessioncount 0
07:44:35.138 [Catalina-utility-1] DEBUG o.a.catalina.session.ManagerBase - End expire sessions StandardManager processingTime 6 expired sessions: 0
07:45:35.152 [Catalina-utility-2] DEBUG o.a.catalina.session.ManagerBase - Start expire sessions StandardManager at 1570686335152 sessioncount 0
07:45:35.164 [Catalina-utility-2] DEBUG o.a.catalina.session.ManagerBase - End expire sessions StandardManager processingTime 12 expired sessions: 0
07:46:35.180 [Catalina-utility-2] DEBUG o.a.catalina.session.ManagerBase - Start expire sessions StandardManager at 1570686395180 sessioncount 0
07:46:35.198 [Catalina-utility-2] DEBUG o.a.catalina.session.ManagerBase - End expire sessions StandardManager processingTime 17 expired sessions: 0
07:47:35.213 [Catalina-utility-2] DEBUG o.a.catalina.session.ManagerBase - Start expire sessions StandardManager at 1570686455213 sessioncount 0
07:47:35.223 [Catalina-utility-2] DEBUG o.a.catalina.session.ManagerBase - End expire sessions StandardManager processingTime 10 expired sessions: 0
15:22:50.505 [main] INFO  e.i.i.boot.InstitucionesApplication - Starting InstitucionesApplication on ddiaz650w10 with PID 9556 (C:\Users\daniel.diaz.BABEL-SI\Documents\Workspace-ing\InstitucionesPublicas\instituciones-boot\target\classes started by daniel.diaz in C:\Users\daniel.diaz.BABEL-SI\Documents\Workspace-ing\InstitucionesPublicas\instituciones-boot)
15:22:50.509 [main] INFO  e.i.i.boot.InstitucionesApplication - No active profile set, falling back to default profiles: default
15:22:52.158 [main] INFO  o.s.c.s.PostProcessorRegistrationDelegate$BeanPostProcessorChecker - Bean 'org.springframework.transaction.annotation.ProxyTransactionManagementConfiguration' of type [org.springframework.transaction.annotation.ProxyTransactionManagementConfiguration$$EnhancerBySpringCGLIB$$367deff7] is not eligible for getting processed by all BeanPostProcessors (for example: not eligible for auto-proxying)
15:22:52.536 [main] INFO  o.s.b.w.e.tomcat.TomcatWebServer - Tomcat initialized with port(s): 8080 (http)
15:22:52.587 [main] INFO  o.a.catalina.core.StandardService - Starting service [Tomcat]
15:22:52.588 [main] INFO  o.a.catalina.core.StandardEngine - Starting Servlet engine: [Apache Tomcat/9.0.26]
15:22:52.744 [main] INFO  o.a.c.c.C.[.[.[/institucionespublicas] - Initializing Spring embedded WebApplicationContext
15:22:52.745 [main] INFO  o.s.web.context.ContextLoader - Root WebApplicationContext: initialization completed in 2164 ms
15:22:53.284 [main] INFO  s.d.s.w.PropertySourcedRequestMappingHandlerMapping - Mapped URL path [/v2/api-docs] onto method [public org.springframework.http.ResponseEntity<springfox.documentation.spring.web.json.Json> springfox.documentation.swagger2.web.Swagger2Controller.getDocumentation(java.lang.String,javax.servlet.http.HttpServletRequest)]
15:22:53.399 [main] INFO  com.zaxxer.hikari.HikariDataSource - HikariPool-1 - Starting...
15:22:53.555 [main] INFO  com.zaxxer.hikari.HikariDataSource - HikariPool-1 - Start completed.
15:22:54.004 [main] INFO  o.s.s.c.ThreadPoolTaskExecutor - Initializing ExecutorService 'applicationTaskExecutor'
15:22:54.211 [main] INFO  s.d.s.w.p.DocumentationPluginsBootstrapper - Context refreshed
15:22:54.245 [main] INFO  s.d.s.w.p.DocumentationPluginsBootstrapper - Found 1 custom documentation plugin(s)
15:22:54.305 [main] INFO  s.d.s.w.s.ApiListingReferenceScanner - Scanning for api listing references
15:22:54.604 [main] INFO  o.s.b.w.e.tomcat.TomcatWebServer - Tomcat started on port(s): 8080 (http) with context path '/institucionespublicas'
15:22:54.609 [main] INFO  e.i.i.boot.InstitucionesApplication - Started InstitucionesApplication in 4.723 seconds (JVM running for 6.243)
15:23:44.491 [http-nio-8080-exec-1] INFO  o.a.c.c.C.[.[.[/institucionespublicas] - Initializing Spring DispatcherServlet 'dispatcherServlet'
15:23:44.492 [http-nio-8080-exec-1] INFO  o.s.web.servlet.DispatcherServlet - Initializing Servlet 'dispatcherServlet'
15:23:44.501 [http-nio-8080-exec-1] INFO  o.s.web.servlet.DispatcherServlet - Completed initialization in 9 ms
