15:51:25.702 [main] INFO  e.i.i.boot.InstitucionesApplication - Starting InstitucionesApplication on W01FWYSOCR2217 with PID 2692 (P:\development\projects\ESTGSS\estgsspensions\ESTGSS-boot\target\classes started by WP00IT in P:\development\projects\ESTGSS\estgsspensions\ESTGSS-boot)
15:51:25.748 [main] INFO  e.i.i.boot.InstitucionesApplication - The following profiles are active: local
15:51:28.954 [main] INFO  o.s.c.s.PostProcessorRegistrationDelegate$BeanPostProcessorChecker - Bean 'org.springframework.transaction.annotation.ProxyTransactionManagementConfiguration' of type [org.springframework.transaction.annotation.ProxyTransactionManagementConfiguration$$EnhancerBySpringCGLIB$$aa9237d8] is not eligible for getting processed by all BeanPostProcessors (for example: not eligible for auto-proxying)
15:51:29.829 [main] INFO  o.s.b.w.e.tomcat.TomcatWebServer - Tomcat initialized with port(s): 8090 (http)
15:51:29.890 [main] INFO  o.a.catalina.core.StandardService - Starting service [Tomcat]
15:51:29.890 [main] INFO  o.a.catalina.core.StandardEngine - Starting Servlet engine: [Apache Tomcat/9.0.24]
15:51:30.212 [main] INFO  o.a.c.c.C.[.[.[/institucionespublicas] - Initializing Spring embedded WebApplicationContext
15:51:30.212 [main] INFO  o.s.web.context.ContextLoader - Root WebApplicationContext: initialization completed in 4326 ms
15:51:31.633 [main] INFO  com.zaxxer.hikari.HikariDataSource - HikariPool-1 - Starting...
15:51:32.080 [main] INFO  com.zaxxer.hikari.HikariDataSource - HikariPool-1 - Start completed.
15:51:32.571 [main] INFO  s.d.s.w.PropertySourcedRequestMappingHandlerMapping - Mapped URL path [/v2/api-docs] onto method [public org.springframework.http.ResponseEntity<springfox.documentation.spring.web.json.Json> springfox.documentation.swagger2.web.Swagger2Controller.getDocumentation(java.lang.String,javax.servlet.http.HttpServletRequest)]
15:51:32.878 [main] INFO  o.s.s.c.ThreadPoolTaskExecutor - Initializing ExecutorService 'applicationTaskExecutor'
15:51:33.343 [main] INFO  s.d.s.w.p.DocumentationPluginsBootstrapper - Context refreshed
15:51:33.405 [main] INFO  s.d.s.w.p.DocumentationPluginsBootstrapper - Found 1 custom documentation plugin(s)
15:51:33.497 [main] INFO  s.d.s.w.s.ApiListingReferenceScanner - Scanning for api listing references
15:51:33.972 [main] INFO  o.s.b.w.e.tomcat.TomcatWebServer - Tomcat started on port(s): 8090 (http) with context path '/institucionespublicas'
15:51:33.972 [main] INFO  e.i.i.boot.InstitucionesApplication - Started InstitucionesApplication in 9.605 seconds (JVM running for 10.824)
13:17:10.725 [main] INFO  c.i.p.boot.ESTGSSPensionsApplication - Starting ESTGSSPensionsApplication on W01FWYSOCR2223 with PID 29560 (P:\Users\OH18VG\Documents\development\projects\Git\estgsspensions\ESTGSS-boot\target\classes started by OH18VG in P:\Users\OH18VG\Documents\development\projects\Git\estgsspensions\ESTGSS-boot)
13:17:10.725 [main] INFO  c.i.p.boot.ESTGSSPensionsApplication - No active profile set, falling back to default profiles: default
13:17:12.567 [main] WARN  o.m.s.mapper.ClassPathMapperScanner - No MyBatis mapper was found in '[es.ing.instituciones.repository.database]' package. Please check your configuration.
13:17:12.968 [main] WARN  o.m.s.mapper.ClassPathMapperScanner - No MyBatis mapper was found in '[com.ing.pensions.boot]' package. Please check your configuration.
13:17:13.812 [main] INFO  o.s.c.s.PostProcessorRegistrationDelegate$BeanPostProcessorChecker - Bean 'org.springframework.transaction.annotation.ProxyTransactionManagementConfiguration' of type [org.springframework.transaction.annotation.ProxyTransactionManagementConfiguration$$EnhancerBySpringCGLIB$$e719e25f] is not eligible for getting processed by all BeanPostProcessors (for example: not eligible for auto-proxying)
13:17:14.705 [main] INFO  o.s.b.w.e.tomcat.TomcatWebServer - Tomcat initialized with port(s): 8090 (http)
13:17:14.781 [main] INFO  o.a.catalina.core.StandardService - Starting service [Tomcat]
13:17:14.781 [main] INFO  o.a.catalina.core.StandardEngine - Starting Servlet engine: [Apache Tomcat/9.0.24]
13:17:15.114 [main] INFO  o.a.c.c.C.[.[.[/institucionespublicas] - Initializing Spring embedded WebApplicationContext
13:17:15.114 [main] INFO  o.s.web.context.ContextLoader - Root WebApplicationContext: initialization completed in 4219 ms
13:17:16.454 [main] WARN  o.s.b.w.s.c.AnnotationConfigServletWebServerApplicationContext - Exception encountered during context initialization - cancelling refresh attempt: org.springframework.beans.factory.BeanCreationException: Error creating bean with name 'remittanceController' defined in class path resource [com/ing/pensions/boot/configuration/ESTGSSPensionsBeanConfiguration.class]: Bean instantiation via factory method failed; nested exception is org.springframework.beans.BeanInstantiationException: Failed to instantiate [com.ing.pensions.controller.IRemittanceController]: Factory method 'remittanceController' threw exception; nested exception is org.springframework.beans.factory.UnsatisfiedDependencyException: Error creating bean with name 'remittanceService': Unsatisfied dependency expressed through field 'remittanceMapper'; nested exception is org.springframework.beans.factory.NoSuchBeanDefinitionException: No qualifying bean of type 'com.ing.pensions.repository.database.IRemmittanceMapper' available: expected at least 1 bean which qualifies as autowire candidate. Dependency annotations: {@org.springframework.beans.factory.annotation.Autowired(required=true)}
13:17:16.471 [main] INFO  o.a.catalina.core.StandardService - Stopping service [Tomcat]
13:17:16.531 [main] INFO  o.s.b.a.l.ConditionEvaluationReportLoggingListener - 

Error starting ApplicationContext. To display the conditions report re-run your application with 'debug' enabled.
13:17:16.756 [main] ERROR o.s.b.d.LoggingFailureAnalysisReporter - 

***************************
APPLICATION FAILED TO START
***************************

Description:

Field remittanceMapper in com.ing.pensions.service.impl.RemittanceServiceImpl required a bean of type 'com.ing.pensions.repository.database.IRemmittanceMapper' that could not be found.

The injection point has the following annotations:
	- @org.springframework.beans.factory.annotation.Autowired(required=true)


Action:

Consider defining a bean of type 'com.ing.pensions.repository.database.IRemmittanceMapper' in your configuration.

15:00:21.834 [main] INFO  c.i.p.boot.ESTGSSPensionsApplication - Starting ESTGSSPensionsApplication on W01FWYSOCR2223 with PID 26564 (P:\Users\OH18VG\Documents\development\projects\Git\estgsspensions\ESTGSS-boot\target\classes started by OH18VG in P:\Users\OH18VG\Documents\development\projects\Git\estgsspensions\ESTGSS-boot)
15:00:21.834 [main] INFO  c.i.p.boot.ESTGSSPensionsApplication - No active profile set, falling back to default profiles: default
15:00:23.878 [main] WARN  o.m.s.mapper.ClassPathMapperScanner - No MyBatis mapper was found in '[es.ing.instituciones.repository.database]' package. Please check your configuration.
15:00:24.243 [main] WARN  o.m.s.mapper.ClassPathMapperScanner - No MyBatis mapper was found in '[com.ing.pensions.boot]' package. Please check your configuration.
15:00:25.008 [main] INFO  o.s.c.s.PostProcessorRegistrationDelegate$BeanPostProcessorChecker - Bean 'org.springframework.transaction.annotation.ProxyTransactionManagementConfiguration' of type [org.springframework.transaction.annotation.ProxyTransactionManagementConfiguration$$EnhancerBySpringCGLIB$$bd7674df] is not eligible for getting processed by all BeanPostProcessors (for example: not eligible for auto-proxying)
15:00:25.930 [main] INFO  o.s.b.w.e.tomcat.TomcatWebServer - Tomcat initialized with port(s): 8090 (http)
15:00:25.992 [main] INFO  o.a.catalina.core.StandardService - Starting service [Tomcat]
15:00:25.992 [main] INFO  o.a.catalina.core.StandardEngine - Starting Servlet engine: [Apache Tomcat/9.0.24]
15:00:26.273 [main] INFO  o.a.c.c.C.[.[.[/institucionespublicas] - Initializing Spring embedded WebApplicationContext
15:00:26.273 [main] INFO  o.s.web.context.ContextLoader - Root WebApplicationContext: initialization completed in 4267 ms
15:00:27.476 [main] WARN  o.s.b.w.s.c.AnnotationConfigServletWebServerApplicationContext - Exception encountered during context initialization - cancelling refresh attempt: org.springframework.beans.factory.BeanCreationException: Error creating bean with name 'remittanceController' defined in class path resource [com/ing/pensions/boot/configuration/ESTGSSPensionsBeanConfiguration.class]: Bean instantiation via factory method failed; nested exception is org.springframework.beans.BeanInstantiationException: Failed to instantiate [com.ing.pensions.controller.IRemittanceController]: Factory method 'remittanceController' threw exception; nested exception is org.springframework.beans.factory.UnsatisfiedDependencyException: Error creating bean with name 'remittanceService': Unsatisfied dependency expressed through field 'remittanceMapper'; nested exception is org.springframework.beans.factory.NoSuchBeanDefinitionException: No qualifying bean of type 'com.ing.pensions.repository.database.IRemmittanceMapper' available: expected at least 1 bean which qualifies as autowire candidate. Dependency annotations: {@org.springframework.beans.factory.annotation.Autowired(required=true)}
15:00:27.492 [main] INFO  o.a.catalina.core.StandardService - Stopping service [Tomcat]
15:00:27.523 [main] INFO  o.s.b.a.l.ConditionEvaluationReportLoggingListener - 

Error starting ApplicationContext. To display the conditions report re-run your application with 'debug' enabled.
15:00:27.775 [main] ERROR o.s.b.d.LoggingFailureAnalysisReporter - 

***************************
APPLICATION FAILED TO START
***************************

Description:

Field remittanceMapper in com.ing.pensions.service.impl.RemittanceServiceImpl required a bean of type 'com.ing.pensions.repository.database.IRemmittanceMapper' that could not be found.

The injection point has the following annotations:
	- @org.springframework.beans.factory.annotation.Autowired(required=true)


Action:

Consider defining a bean of type 'com.ing.pensions.repository.database.IRemmittanceMapper' in your configuration.

15:12:59.043 [main] INFO  c.i.p.boot.ESTGSSPensionsApplication - Starting ESTGSSPensionsApplication on W01FWYSOCR2223 with PID 26892 (P:\Users\OH18VG\Documents\development\projects\Git\estgsspensions\ESTGSS-boot\target\classes started by OH18VG in P:\Users\OH18VG\Documents\development\projects\Git\estgsspensions\ESTGSS-boot)
15:12:59.058 [main] INFO  c.i.p.boot.ESTGSSPensionsApplication - No active profile set, falling back to default profiles: default
15:13:00.766 [main] WARN  o.m.s.mapper.ClassPathMapperScanner - No MyBatis mapper was found in '[com.ing.instituciones.repository.database]' package. Please check your configuration.
15:13:01.124 [main] WARN  o.m.s.mapper.ClassPathMapperScanner - No MyBatis mapper was found in '[com.ing.pensions.boot]' package. Please check your configuration.
15:13:01.978 [main] INFO  o.s.c.s.PostProcessorRegistrationDelegate$BeanPostProcessorChecker - Bean 'org.springframework.transaction.annotation.ProxyTransactionManagementConfiguration' of type [org.springframework.transaction.annotation.ProxyTransactionManagementConfiguration$$EnhancerBySpringCGLIB$$397615ec] is not eligible for getting processed by all BeanPostProcessors (for example: not eligible for auto-proxying)
15:13:02.798 [main] INFO  o.s.b.w.e.tomcat.TomcatWebServer - Tomcat initialized with port(s): 8090 (http)
15:13:02.875 [main] INFO  o.a.catalina.core.StandardService - Starting service [Tomcat]
15:13:02.875 [main] INFO  o.a.catalina.core.StandardEngine - Starting Servlet engine: [Apache Tomcat/9.0.24]
15:13:03.186 [main] INFO  o.a.c.c.C.[.[.[/institucionespublicas] - Initializing Spring embedded WebApplicationContext
15:13:03.186 [main] INFO  o.s.web.context.ContextLoader - Root WebApplicationContext: initialization completed in 3987 ms
15:13:04.549 [main] WARN  o.s.b.w.s.c.AnnotationConfigServletWebServerApplicationContext - Exception encountered during context initialization - cancelling refresh attempt: org.springframework.beans.factory.BeanCreationException: Error creating bean with name 'remittanceController' defined in class path resource [com/ing/pensions/boot/configuration/ESTGSSPensionsBeanConfiguration.class]: Bean instantiation via factory method failed; nested exception is org.springframework.beans.BeanInstantiationException: Failed to instantiate [com.ing.pensions.controller.IRemittanceController]: Factory method 'remittanceController' threw exception; nested exception is org.springframework.beans.factory.UnsatisfiedDependencyException: Error creating bean with name 'remittanceService': Unsatisfied dependency expressed through field 'remittanceMapper'; nested exception is org.springframework.beans.factory.NoSuchBeanDefinitionException: No qualifying bean of type 'com.ing.pensions.repository.database.IRemmittanceMapper' available: expected at least 1 bean which qualifies as autowire candidate. Dependency annotations: {@org.springframework.beans.factory.annotation.Autowired(required=true)}
15:13:04.549 [main] INFO  o.a.catalina.core.StandardService - Stopping service [Tomcat]
15:13:04.579 [main] INFO  o.s.b.a.l.ConditionEvaluationReportLoggingListener - 

Error starting ApplicationContext. To display the conditions report re-run your application with 'debug' enabled.
15:13:04.842 [main] ERROR o.s.b.d.LoggingFailureAnalysisReporter - 

***************************
APPLICATION FAILED TO START
***************************

Description:

Field remittanceMapper in com.ing.pensions.service.impl.RemittanceServiceImpl required a bean of type 'com.ing.pensions.repository.database.IRemmittanceMapper' that could not be found.

The injection point has the following annotations:
	- @org.springframework.beans.factory.annotation.Autowired(required=true)


Action:

Consider defining a bean of type 'com.ing.pensions.repository.database.IRemmittanceMapper' in your configuration.

15:13:25.259 [main] INFO  c.i.p.boot.ESTGSSPensionsApplication - Starting ESTGSSPensionsApplication on W01FWYSOCR2223 with PID 26480 (P:\Users\OH18VG\Documents\development\projects\Git\estgsspensions\ESTGSS-boot\target\classes started by OH18VG in P:\Users\OH18VG\Documents\development\projects\Git\estgsspensions\ESTGSS-boot)
15:13:25.259 [main] INFO  c.i.p.boot.ESTGSSPensionsApplication - No active profile set, falling back to default profiles: default
15:13:28.271 [main] INFO  o.s.c.s.PostProcessorRegistrationDelegate$BeanPostProcessorChecker - Bean 'org.springframework.transaction.annotation.ProxyTransactionManagementConfiguration' of type [org.springframework.transaction.annotation.ProxyTransactionManagementConfiguration$$EnhancerBySpringCGLIB$$9b5a9d04] is not eligible for getting processed by all BeanPostProcessors (for example: not eligible for auto-proxying)
15:13:29.192 [main] INFO  o.s.b.w.e.tomcat.TomcatWebServer - Tomcat initialized with port(s): 8090 (http)
15:13:29.255 [main] INFO  o.a.catalina.core.StandardService - Starting service [Tomcat]
15:13:29.255 [main] INFO  o.a.catalina.core.StandardEngine - Starting Servlet engine: [Apache Tomcat/9.0.24]
15:13:29.552 [main] INFO  o.a.c.c.C.[.[.[/institucionespublicas] - Initializing Spring embedded WebApplicationContext
15:13:29.552 [main] INFO  o.s.web.context.ContextLoader - Root WebApplicationContext: initialization completed in 4123 ms
15:13:31.027 [main] INFO  com.zaxxer.hikari.HikariDataSource - HikariPool-1 - Starting...
15:13:31.509 [main] INFO  com.zaxxer.hikari.HikariDataSource - HikariPool-1 - Start completed.
15:13:32.006 [main] INFO  s.d.s.w.PropertySourcedRequestMappingHandlerMapping - Mapped URL path [/v2/api-docs] onto method [public org.springframework.http.ResponseEntity<springfox.documentation.spring.web.json.Json> springfox.documentation.swagger2.web.Swagger2Controller.getDocumentation(java.lang.String,javax.servlet.http.HttpServletRequest)]
15:13:32.300 [main] INFO  o.s.s.c.ThreadPoolTaskExecutor - Initializing ExecutorService 'applicationTaskExecutor'
15:13:32.798 [main] INFO  s.d.s.w.p.DocumentationPluginsBootstrapper - Context refreshed
15:13:32.860 [main] INFO  s.d.s.w.p.DocumentationPluginsBootstrapper - Found 1 custom documentation plugin(s)
15:13:32.969 [main] INFO  s.d.s.w.s.ApiListingReferenceScanner - Scanning for api listing references
15:13:33.347 [main] INFO  o.s.b.w.e.tomcat.TomcatWebServer - Tomcat started on port(s): 8090 (http) with context path '/institucionespublicas'
15:13:33.347 [main] INFO  c.i.p.boot.ESTGSSPensionsApplication - Started ESTGSSPensionsApplication in 9.183 seconds (JVM running for 10.331)
